<?xml version="1.0" encoding="UTF-8"?>
<databaseChangeLog
        xmlns="http://www.liquibase.org/xml/ns/dbchangelog"
        xmlns:xsi="http://www.w3.org/2001/XMLSchema-instance"
        xsi:schemaLocation="http://www.liquibase.org/xml/ns/dbchangelog http://www.liquibase.org/xml/ns/dbchangelog/dbchangelog-4.4.xsd">
    <property name="uuid_function" value="uuid_generate_v4()" dbms="postgresql"/>
    <changeSet id="1.0" author="ykotsiuba">
        <sql><![CDATA[
            CREATE EXTENSION IF NOT EXISTS "uuid-ossp";
        ]]></sql>
        <createTable tableName="authors">
            <column defaultValueComputed="${uuid_function}" name="id" type="uuid">
                <constraints primaryKey="true"/>
            </column>
            <column name="first_name" type="varchar(50)"/>
            <column name="last_name" type="varchar(50)"/>
        </createTable>
    </changeSet>
</databaseChangeLog>
